{"message":"Could not get the genres","meta":{},"stack":"Error: Could not get the genres\n    at C:\\node\\8.7- Project\\before\\vidly\\routes\\genres.js:11:9\n    at C:\\node\\8.7- Project\\before\\vidly\\middleware\\async.js:4:13\n    at Layer.handle [as handle_request] (C:\\node\\8.7- Project\\before\\vidly\\node_modules\\express\\lib\\router\\layer.js:95:5)\n    at next (C:\\node\\8.7- Project\\before\\vidly\\node_modules\\express\\lib\\router\\route.js:137:13)\n    at Route.dispatch (C:\\node\\8.7- Project\\before\\vidly\\node_modules\\express\\lib\\router\\route.js:112:3)\n    at Layer.handle [as handle_request] (C:\\node\\8.7- Project\\before\\vidly\\node_modules\\express\\lib\\router\\layer.js:95:5)\n    at C:\\node\\8.7- Project\\before\\vidly\\node_modules\\express\\lib\\router\\index.js:281:22\n    at Function.process_params (C:\\node\\8.7- Project\\before\\vidly\\node_modules\\express\\lib\\router\\index.js:335:12)\n    at next (C:\\node\\8.7- Project\\before\\vidly\\node_modules\\express\\lib\\router\\index.js:275:10)\n    at Function.handle (C:\\node\\8.7- Project\\before\\vidly\\node_modules\\express\\lib\\router\\index.js:174:3)\n    at router (C:\\node\\8.7- Project\\before\\vidly\\node_modules\\express\\lib\\router\\index.js:47:12)\n    at Layer.handle [as handle_request] (C:\\node\\8.7- Project\\before\\vidly\\node_modules\\express\\lib\\router\\layer.js:95:5)\n    at trim_prefix (C:\\node\\8.7- Project\\before\\vidly\\node_modules\\express\\lib\\router\\index.js:317:13)\n    at C:\\node\\8.7- Project\\before\\vidly\\node_modules\\express\\lib\\router\\index.js:284:7\n    at Function.process_params (C:\\node\\8.7- Project\\before\\vidly\\node_modules\\express\\lib\\router\\index.js:335:12)\n    at next (C:\\node\\8.7- Project\\before\\vidly\\node_modules\\express\\lib\\router\\index.js:275:10)\n    at jsonParser (C:\\node\\8.7- Project\\before\\vidly\\node_modules\\body-parser\\lib\\types\\json.js:109:7)\n    at Layer.handle [as handle_request] (C:\\node\\8.7- Project\\before\\vidly\\node_modules\\express\\lib\\router\\layer.js:95:5)\n    at trim_prefix (C:\\node\\8.7- Project\\before\\vidly\\node_modules\\express\\lib\\router\\index.js:317:13)\n    at C:\\node\\8.7- Project\\before\\vidly\\node_modules\\express\\lib\\router\\index.js:284:7\n    at Function.process_params (C:\\node\\8.7- Project\\before\\vidly\\node_modules\\express\\lib\\router\\index.js:335:12)\n    at next (C:\\node\\8.7- Project\\before\\vidly\\node_modules\\express\\lib\\router\\index.js:275:10)","level":"error"}
{"message":"Could not get the genres","level":"error","stack":"Error: Could not get the genres\n    at C:\\node\\8.7- Project\\before\\vidly\\routes\\genres.js:11:9\n    at C:\\node\\8.7- Project\\before\\vidly\\middleware\\async.js:4:13\n    at Layer.handle [as handle_request] (C:\\node\\8.7- Project\\before\\vidly\\node_modules\\express\\lib\\router\\layer.js:95:5)\n    at next (C:\\node\\8.7- Project\\before\\vidly\\node_modules\\express\\lib\\router\\route.js:137:13)\n    at Route.dispatch (C:\\node\\8.7- Project\\before\\vidly\\node_modules\\express\\lib\\router\\route.js:112:3)\n    at Layer.handle [as handle_request] (C:\\node\\8.7- Project\\before\\vidly\\node_modules\\express\\lib\\router\\layer.js:95:5)\n    at C:\\node\\8.7- Project\\before\\vidly\\node_modules\\express\\lib\\router\\index.js:281:22\n    at Function.process_params (C:\\node\\8.7- Project\\before\\vidly\\node_modules\\express\\lib\\router\\index.js:335:12)\n    at next (C:\\node\\8.7- Project\\before\\vidly\\node_modules\\express\\lib\\router\\index.js:275:10)\n    at Function.handle (C:\\node\\8.7- Project\\before\\vidly\\node_modules\\express\\lib\\router\\index.js:174:3)\n    at router (C:\\node\\8.7- Project\\before\\vidly\\node_modules\\express\\lib\\router\\index.js:47:12)\n    at Layer.handle [as handle_request] (C:\\node\\8.7- Project\\before\\vidly\\node_modules\\express\\lib\\router\\layer.js:95:5)\n    at trim_prefix (C:\\node\\8.7- Project\\before\\vidly\\node_modules\\express\\lib\\router\\index.js:317:13)\n    at C:\\node\\8.7- Project\\before\\vidly\\node_modules\\express\\lib\\router\\index.js:284:7\n    at Function.process_params (C:\\node\\8.7- Project\\before\\vidly\\node_modules\\express\\lib\\router\\index.js:335:12)\n    at next (C:\\node\\8.7- Project\\before\\vidly\\node_modules\\express\\lib\\router\\index.js:275:10)\n    at jsonParser (C:\\node\\8.7- Project\\before\\vidly\\node_modules\\body-parser\\lib\\types\\json.js:109:7)\n    at Layer.handle [as handle_request] (C:\\node\\8.7- Project\\before\\vidly\\node_modules\\express\\lib\\router\\layer.js:95:5)\n    at trim_prefix (C:\\node\\8.7- Project\\before\\vidly\\node_modules\\express\\lib\\router\\index.js:317:13)\n    at C:\\node\\8.7- Project\\before\\vidly\\node_modules\\express\\lib\\router\\index.js:284:7\n    at Function.process_params (C:\\node\\8.7- Project\\before\\vidly\\node_modules\\express\\lib\\router\\index.js:335:12)\n    at next (C:\\node\\8.7- Project\\before\\vidly\\node_modules\\express\\lib\\router\\index.js:275:10)","meta":{}}
{"message":{"message":"","meta":{}},"level":"error"}
{"message":"Something failed during startup.","meta":{},"level":"error"}
{"message":"Something failed during startup.","meta":{},"level":"error"}
{"message":"Something failed during startup.","level":"error","meta":{}}
{"message":"Something failed during startup.","level":"error","meta":{}}
{"message":"Something failed during startup.","level":"error","stack":"Error: Something failed during startup.\n    at Object.<anonymous> (C:\\node\\8.7- Project\\before\\vidly\\index.js:33:7)\n    at Module._compile (internal/modules/cjs/loader.js:1158:30)\n    at Object.Module._extensions..js (internal/modules/cjs/loader.js:1178:10)\n    at Module.load (internal/modules/cjs/loader.js:1002:32)\n    at Function.Module._load (internal/modules/cjs/loader.js:901:14)\n    at Function.executeUserEntryPoint [as runMain] (internal/modules/run_main.js:74:12)\n    at internal/main/run_main_module.js:18:47","meta":{}}
{"message":{},"level":"error"}
{"message":"something failed miserably!","level":"error","stack":"Error: something failed miserably!\n    at Object.<anonymous> (C:\\node\\8.7- Project\\before\\vidly\\index.js:48:26)\n    at Module._compile (internal/modules/cjs/loader.js:1158:30)\n    at Object.Module._extensions..js (internal/modules/cjs/loader.js:1178:10)\n    at Module.load (internal/modules/cjs/loader.js:1002:32)\n    at Function.Module._load (internal/modules/cjs/loader.js:901:14)\n    at Function.executeUserEntryPoint [as runMain] (internal/modules/run_main.js:74:12)\n    at internal/main/run_main_module.js:18:47","meta":{}}
{"message":"something failed miserably!","level":"error","stack":"Error: something failed miserably!\n    at Object.<anonymous> (C:\\node\\8.7- Project\\before\\vidly\\index.js:48:26)\n    at Module._compile (internal/modules/cjs/loader.js:1158:30)\n    at Object.Module._extensions..js (internal/modules/cjs/loader.js:1178:10)\n    at Module.load (internal/modules/cjs/loader.js:1002:32)\n    at Function.Module._load (internal/modules/cjs/loader.js:901:14)\n    at Function.executeUserEntryPoint [as runMain] (internal/modules/run_main.js:74:12)\n    at internal/main/run_main_module.js:18:47","meta":{}}
{"message":"something failed miserably!","level":"error","stack":"Error: something failed miserably!\n    at Object.<anonymous> (C:\\node\\8.7- Project\\before\\vidly\\index.js:47:26)\n    at Module._compile (internal/modules/cjs/loader.js:1158:30)\n    at Object.Module._extensions..js (internal/modules/cjs/loader.js:1178:10)\n    at Module.load (internal/modules/cjs/loader.js:1002:32)\n    at Function.Module._load (internal/modules/cjs/loader.js:901:14)\n    at Function.executeUserEntryPoint [as runMain] (internal/modules/run_main.js:74:12)\n    at internal/main/run_main_module.js:18:47","meta":{}}
{"message":"something failed miserably!","level":"error","stack":"Error: something failed miserably!\n    at Object.<anonymous> (C:\\node\\8.7- Project\\before\\vidly\\index.js:48:26)\n    at Module._compile (internal/modules/cjs/loader.js:1158:30)\n    at Object.Module._extensions..js (internal/modules/cjs/loader.js:1178:10)\n    at Module.load (internal/modules/cjs/loader.js:1002:32)\n    at Function.Module._load (internal/modules/cjs/loader.js:901:14)\n    at Function.executeUserEntryPoint [as runMain] (internal/modules/run_main.js:74:12)\n    at internal/main/run_main_module.js:18:47","meta":{}}
{"message":"something failed miserably!","level":"error","stack":"Error: something failed miserably!\n    at Object.<anonymous> (C:\\node\\8.7- Project\\before\\vidly\\index.js:48:26)\n    at Module._compile (internal/modules/cjs/loader.js:1158:30)\n    at Object.Module._extensions..js (internal/modules/cjs/loader.js:1178:10)\n    at Module.load (internal/modules/cjs/loader.js:1002:32)\n    at Function.Module._load (internal/modules/cjs/loader.js:901:14)\n    at Function.executeUserEntryPoint [as runMain] (internal/modules/run_main.js:74:12)\n    at internal/main/run_main_module.js:18:47","meta":{}}
{"message":"something failed miserably!","level":"error","stack":"Error: something failed miserably!\n    at Object.<anonymous> (C:\\node\\8.7- Project\\before\\vidly\\index.js:47:26)\n    at Module._compile (internal/modules/cjs/loader.js:1158:30)\n    at Object.Module._extensions..js (internal/modules/cjs/loader.js:1178:10)\n    at Module.load (internal/modules/cjs/loader.js:1002:32)\n    at Function.Module._load (internal/modules/cjs/loader.js:901:14)\n    at Function.executeUserEntryPoint [as runMain] (internal/modules/run_main.js:74:12)\n    at internal/main/run_main_module.js:18:47","meta":{}}
{"message":"something failed miserably!","level":"error","stack":"Error: something failed miserably!\n    at Object.<anonymous> (C:\\node\\8.7- Project\\before\\vidly\\index.js:48:26)\n    at Module._compile (internal/modules/cjs/loader.js:1158:30)\n    at Object.Module._extensions..js (internal/modules/cjs/loader.js:1178:10)\n    at Module.load (internal/modules/cjs/loader.js:1002:32)\n    at Function.Module._load (internal/modules/cjs/loader.js:901:14)\n    at Function.executeUserEntryPoint [as runMain] (internal/modules/run_main.js:74:12)\n    at internal/main/run_main_module.js:18:47","meta":{}}
{"message":"Connected to MongoDB...","level":"info"}
{"message":"Connected to MongoDB...","level":"info"}
{"message":"Listening on port 3000...","level":"info"}
{"message":"Connected to MongoDB...","level":"info"}
{"message":"Listening on port 3000...","level":"info"}
{"message":"Connected to MongoDB...","level":"info"}
{"message":"Listening on port 3000...","level":"info"}
{"message":"Connected to MongoDB...","level":"info"}
{"message":"Listening on port 3000...","level":"info"}
{"message":"Connected to MongoDB...","level":"info"}
{"message":"Listening on port 3000...","level":"info"}
{"message":"Connected to MongoDB...","level":"info"}
{"message":"Listening on port 3000...","level":"info"}
{"message":"Connected to MongoDB...","level":"info"}
{"message":"Listening on port 3000...","level":"info"}
{"message":"Connected to MongoDB...","level":"info"}
{"message":"Listening on port 3000...","level":"info"}
{"message":"Connected to MongoDB...","level":"info"}
{"message":"Listening on port 3000...","level":"info"}
{"message":"Connected to MongoDB...","level":"info"}
{"message":"Listening on port 3000...","level":"info"}
{"message":"Connected to MongoDB...","level":"info"}
{"message":"Listening on port 3000...","level":"info"}
{"message":"Connected to MongoDB...","level":"info"}
{"message":"Listening on port 3000...","level":"info"}
{"message":"Connected to MongoDB...","level":"info"}
{"message":"Listening on port 3000...","level":"info"}
{"message":"Connected to MongoDB...","level":"info"}
{"message":"Listening on port 3000...","level":"info"}
{"message":"Connected to MongoDB...","level":"info"}
{"message":"Listening on port 3000...","level":"info"}
{"message":"Connected to MongoDB...","level":"info"}
{"message":"Listening on port 3000...","level":"info"}
{"message":"Connected to MongoDB...","level":"info"}
{"message":"Listening on port 3000...","level":"info"}
{"message":"Connected to MongoDB...","level":"info"}
{"message":"Listening on port 3000...","level":"info"}
{"message":"Connected to MongoDB...","level":"info"}
{"message":"Listening on port 3000...","level":"info"}
{"message":"Connected to MongoDB...","level":"info"}
{"message":"Listening on port 3000...","level":"info"}
{"message":"Connected to MongoDB...","level":"info"}
{"message":"Listening on port 3000...","level":"info"}
{"message":"Connected to MongoDB...","level":"info"}
{"message":"Listening on port 3000...","level":"info"}
{"message":"Connected to MongoDB...","level":"info"}
{"message":"Listening on port 3000...","level":"info"}
{"message":"Connected to MongoDB...","level":"info"}
{"message":"Listening on port 3000...","level":"info"}
{"message":"Connected to MongoDB...","level":"info"}
{"message":"Listening on port 3000...","level":"info"}
{"message":"Connected to MongoDB...","level":"info"}
{"message":"Listening on port 3000...","level":"info"}
{"message":"Connected to MongoDB...","level":"info"}
{"message":"Listening on port 3000...","level":"info"}
{"message":"Connected to MongoDB...","level":"info"}
{"message":"Listening on port 3000...","level":"info"}
{"message":"Connected to MongoDB...","level":"info"}
{"message":"Listening on port 3000...","level":"info"}
{"message":"Connected to MongoDB...","level":"info"}
{"message":"Listening on port 3000...","level":"info"}
{"message":"Connected to MongoDB...","level":"info"}
{"message":"Listening on port 3000...","level":"info"}
{"message":"Connected to MongoDB...","level":"info"}
{"message":"Listening on port 3000...","level":"info"}
{"message":"Connected to MongoDB...","level":"info"}
{"message":"Listening on port 3000...","level":"info"}
{"message":"Connected to mongodb+srv://geenie:0b1nna@cluster0.9mufp.mongodb.net/movies?retryWrites=true&w=majority...","level":"info"}
{"message":"Listening on port 3000...","level":"info"}
{"message":"Connected to MongoDB...","level":"info"}
{"message":"Listening on port 3000...","level":"info"}
{"message":"Connected to MongoDB...","level":"info"}
{"message":"Listening on port 3000...","level":"info"}
{"message":"Connected to MongoDB...","level":"info"}
{"message":"Connected to MongoDB...","level":"info"}
{"message":"Listening on port 3000...","level":"info"}
{"message":"Connected to MongoDB...","level":"info"}
{"message":"Listening on port 3000...","level":"info"}
{"message":"Listening on port 3000...","level":"info"}
{"message":"Listening on port 3000...","level":"info"}
{"message":"Listening on port 3000...","level":"info"}
{"message":"Listening on port 3000...","level":"info"}
{"message":"Connected to MongoDB...","level":"info"}
{"message":"Listening on port 3000...","level":"info"}
{"message":"Connected to MongoDB...","level":"info"}
{"message":"Listening on port 3000...","level":"info"}
{"message":"Connected to MongoDB...","level":"info"}
{"message":"Connected to MongoDB...","level":"info"}
{"message":"Listening on port 3000...","level":"info"}
{"message":"Listening on port 3000...","level":"info"}
{"message":"Connected to MongoDB...","level":"info"}
{"message":"Listening on port 3000...","level":"info"}
{"message":"Connected to MongoDB...","level":"info"}
{"message":"Listening on port 3000...","level":"info"}
{"message":"Connected to MongoDB...","level":"info"}
{"message":"Listening on port 3000...","level":"info"}
{"message":"Connected to MongoDB...","level":"info"}
{"message":"Listening on port 3000...","level":"info"}
{"message":"Connected to MongoDB...","level":"info"}
{"message":"Listening on port 3000...","level":"info"}
{"message":"Connected to MongoDB...","level":"info"}
{"message":"Listening on port 3000...","level":"info"}
{"message":"Listening on port 3000","level":"info"}
{"message":"Connected to MongoDB..","level":"info"}
{"message":"Connected to MongoDB...","level":"info"}
{"message":"Listening on port 3000","level":"info"}
{"message":"Connected to MongoDB...","level":"info"}
{"message":"Listening on port 3000","level":"info"}
{"message":"Connected to MongoDB...","level":"info"}
{"message":"Connected to MongoDB...","level":"info"}
{"message":"Listening on port 3000","level":"info"}
{"message":"Connected to MongoDB...","level":"info"}
{"message":"Listening on port 3000","level":"info"}
{"message":"Connected to MongoDB...","level":"info"}
{"message":"Listening on port 3000","level":"info"}
{"message":"Connected to MongoDB...","level":"info"}
{"message":"Listening on port 3000","level":"info"}
{"message":"Connected to MongoDB...","level":"info"}
{"message":"Listening on port 3000","level":"info"}
{"message":"Connected to MongoDB...","level":"info"}
{"message":"Connected to MongoDB...","level":"info"}
{"message":"Connected to MongoDb...","level":"info"}
{"message":"Listening on port 3000","level":"info"}
{"message":"Connected to MongoDB...","level":"info"}
{"message":"Listening on port 3000","level":"info"}
{"message":"Connected to MongoDB...","level":"info"}
{"message":"Connected to MongoDB...","level":"info"}
{"message":"Listening on port 3000...","level":"info"}
{"message":"Connected to MongoDB...","level":"info"}
{"message":"Connected to MongoDB...","level":"info"}
{"message":"Listening on port 3000...","level":"info"}
{"message":"Connected to MongoDb..","level":"info"}
{"message":"Connected to MongoDb..","level":"info"}
{"message":"Connected to MongoDb..","level":"info"}
{"message":"Connected to MongoDb..","level":"info"}
{"message":"Connected to MongoDb..","level":"info"}
{"message":"Listening on 3000","level":"info"}
{"message":"Connected to MongoDb..","level":"info"}
{"message":"Listening on 3000","level":"info"}
{"message":"Connected to MongoDb..","level":"info"}
{"message":"Listening on 3000","level":"info"}
{"message":"Connected to MongoDb..","level":"info"}
{"message":"Listening on 3000","level":"info"}
{"message":"Connected to MongoDB...","level":"info"}
{"message":"Connected to MongoDB...","level":"info"}
{"message":"Listening on 3000","level":"info"}
{"message":"Connected to MongoDB...","level":"info"}
{"message":"Listening on 3000","level":"info"}
{"message":"Connected to MongoDB...","level":"info"}
{"message":"Listening on 3000","level":"info"}
{"message":"Connected to MongoDB...","level":"info"}
{"message":"Listening on 3000","level":"info"}
{"message":"Connected to MongoDB...","level":"info"}
{"message":"Listening on 3000","level":"info"}
{"message":"Connected to MongoDB...","level":"info"}
{"message":"Listening on 3000","level":"info"}
{"message":"Connected to MongoDB...","level":"info"}
{"message":"Listening on 3000","level":"info"}
{"message":"Connected to MongoDB...","level":"info"}
{"message":"Listening on 3000","level":"info"}
{"message":"Connected to MongoDB...","level":"info"}
{"message":"Listening on 3000","level":"info"}
{"message":"Connected to MongoDB...","level":"info"}
{"message":"Listening on 3000","level":"info"}
{"message":"Connected to MongoDB...","level":"info"}
{"message":"Listening on 3000","level":"info"}
{"message":"Listening on 3000","level":"info"}
{"message":"Listening on 3000","level":"info"}
{"message":"Listening on 3000","level":"info"}
{"message":"Listening on 3000","level":"info"}
{"message":"Listening on 3000","level":"info"}
{"message":"Listening on 3000","level":"info"}
{"message":"Connected to MongoDB...","level":"info"}
{"message":"Connected to MongoDB...","level":"info"}
{"message":"Listening on 3000","level":"info"}
{"message":"Connected to MongoDB...","level":"info"}
{"message":"Listening on 3000","level":"info"}
{"message":"Listening on 3000","level":"info"}
{"message":"Connected to MongoDb...","level":"info"}
{"message":"Connected to MongoDb...","level":"info"}
{"message":"Connected to MongoDb...","level":"info"}
{"message":"Connected to MongoDB...","level":"info"}
{"message":"Listening on 3000","level":"info"}
{"message":"Connected to MongoDB...","level":"info"}
{"message":"Connected to MongoDB...","level":"info"}
{"message":"Connected to MongoDB...","level":"info"}
{"message":"Connected to MongoDB...","level":"info"}
{"message":"Listening on 3000","level":"info"}
{"message":"Listening on 3000","level":"info"}
{"message":"Connected to MongoDB...","level":"info"}
{"message":"Listening on 3000","level":"info"}
{"message":"Connected to MongoDB...","level":"info"}
{"message":"Connected to MongoDB...","level":"info"}
{"message":"Connected to MongoDB...","level":"info"}
{"message":"Connected to MongoDB...","level":"info"}
{"message":"Connected to MongoDB...","level":"info"}
{"message":"Connected to MongoDB...","level":"info"}
{"message":"Connected to MongoDB...","level":"info"}
{"message":"Connected to MongoDB...","level":"info"}
{"message":"Connected to MongoDB...","level":"info"}
{"message":"Connected to MongoDB...","level":"info"}
{"message":"Connected to MongoDB...","level":"info"}
{"message":"Connected to MongoDB...","level":"info"}
{"message":"Connected to MongoDB...","level":"info"}
{"message":"Connected to MongoDB...","level":"info"}
{"message":"Connected to MongoDB...","level":"info"}
{"message":"Connected to MongoDB...","level":"info"}
{"message":"Connected to MongoDB...","level":"info"}
{"message":"Listening on 3000","level":"info"}
{"message":"Listening on 3000","level":"info"}
{"message":"Connected to MongoDB...","level":"info"}
{"message":"Listening on 3000","level":"info"}
{"message":"Connected to MongoDB...","level":"info"}
{"message":"Listening on 3000","level":"info"}
{"message":"Listening on 3000","level":"info"}
{"message":"Listening on 3000","level":"info"}
{"message":"Listening on 3000","level":"info"}
{"message":"Connected to MongoDB...","level":"info"}
{"message":"Listening on 3000","level":"info"}
{"message":"Connected to MongoDB...","level":"info"}
{"message":"Listening on 3000","level":"info"}
{"message":"Connected to MongoDB...","level":"info"}
{"message":"Listening on 3000","level":"info"}
{"message":"Connected to MongoDB...","level":"info"}
{"message":"Listening on 3000","level":"info"}
{"message":"Connected to MongoDB...","level":"info"}
{"message":"Listening on 3000","level":"info"}
{"message":"Connected to MongoDB...","level":"info"}
{"message":"Listening on 3000","level":"info"}
{"message":"Listening on 3000","level":"info"}
{"message":"Connected to MongoDB...","level":"info"}
{"message":"Listening on 3000","level":"info"}
{"message":"Connected to MongoDB...","level":"info"}
{"message":"Listening on 3000","level":"info"}
{"message":"Connected to MongoDB...","level":"info"}
{"message":"Listening on 3000","level":"info"}
{"message":"Connected to MongoDB...","level":"info"}
{"message":"Listening on 3000","level":"info"}
{"message":"Connected to MongoDB...","level":"info"}
{"message":"Listening on 3000","level":"info"}
{"message":"Connected to MongoDB...","level":"info"}
{"message":"Listening on 3000","level":"info"}
{"message":"Connected to MongoDB...","level":"info"}
{"message":"Listening on 3000","level":"info"}
{"message":"Connected to MongoDB...","level":"info"}
{"message":"Listening on 3000","level":"info"}
{"message":"Connected to MongoDB...","level":"info"}
{"message":"Listening on 3000","level":"info"}
{"message":"Connected to MongoDB...","level":"info"}
{"message":"Listening on 3000","level":"info"}
{"message":"Connected to MongoDB...","level":"info"}
{"message":"Listening on 3000","level":"info"}
{"message":"Connected to MongoDB...","level":"info"}
{"message":"Listening on 3000","level":"info"}
{"message":"Connected to MongoDB...","level":"info"}
{"message":"Listening on 3000","level":"info"}
{"message":"Connected to MongoDB...","level":"info"}
{"message":"Listening on 3000","level":"info"}
{"message":"Connected to MongoDB...","level":"info"}
{"message":"Listening on 3000","level":"info"}
{"message":"Connected to MongoDB...","level":"info"}
{"message":"Listening on 3000","level":"info"}
{"message":"Connected to MongoDB...","level":"info"}
{"message":"Listening on 3000","level":"info"}
{"message":"Connected to MongoDB...","level":"info"}
{"message":"Listening on 3000","level":"info"}
{"message":"Connected to MongoDB...","level":"info"}
{"message":"Listening on 3000","level":"info"}
{"message":"Connected to MongoDB...","level":"info"}
{"message":"Listening on 3000","level":"info"}
{"message":"Connected to MongoDB...","level":"info"}
{"message":"Listening on 3000","level":"info"}
{"message":"Connected to MongoDB...","level":"info"}
{"message":"Listening on 3000","level":"info"}
{"message":"Connected to MongoDB...","level":"info"}
{"message":"Listening on 3000","level":"info"}
{"message":"Connected to MongoDB...","level":"info"}
{"message":"Cast to ObjectId failed for value \"1\" at path \"_id\" for model \"genre\"","level":"error","stack":"CastError: Cast to ObjectId failed for value \"1\" at path \"_id\" for model \"genre\"\n    at model.Query.exec (C:\\node\\8.7- Project\\before\\vidly\\node_modules\\mongoose\\lib\\query.js:4368:21)\n    at model.Query.Query.then (C:\\node\\8.7- Project\\before\\vidly\\node_modules\\mongoose\\lib\\query.js:4460:15)\n    at processTicksAndRejections (internal/process/task_queues.js:97:5)","meta":{"stringValue":"\"1\"","kind":"ObjectId","value":"1","path":"_id","reason":{}}}
{"message":"Listening on 3000","level":"info"}
{"message":"Connected to MongoDB...","level":"info"}
{"message":"Cast to ObjectId failed for value \"1\" at path \"_id\" for model \"genre\"","level":"error","stack":"CastError: Cast to ObjectId failed for value \"1\" at path \"_id\" for model \"genre\"\n    at model.Query.exec (C:\\node\\8.7- Project\\before\\vidly\\node_modules\\mongoose\\lib\\query.js:4368:21)\n    at model.Query.Query.then (C:\\node\\8.7- Project\\before\\vidly\\node_modules\\mongoose\\lib\\query.js:4460:15)\n    at processTicksAndRejections (internal/process/task_queues.js:97:5)","meta":{"stringValue":"\"1\"","kind":"ObjectId","value":"1","path":"_id","reason":{}}}
{"message":"Listening on 3000","level":"info"}
{"message":"Connected to MongoDB...","level":"info"}
{"message":"Cast to ObjectId failed for value \"1\" at path \"_id\" for model \"genre\"","level":"error","stack":"CastError: Cast to ObjectId failed for value \"1\" at path \"_id\" for model \"genre\"\n    at model.Query.exec (C:\\node\\8.7- Project\\before\\vidly\\node_modules\\mongoose\\lib\\query.js:4368:21)\n    at model.Query.Query.then (C:\\node\\8.7- Project\\before\\vidly\\node_modules\\mongoose\\lib\\query.js:4460:15)\n    at processTicksAndRejections (internal/process/task_queues.js:97:5)","meta":{"stringValue":"\"1\"","kind":"ObjectId","value":"1","path":"_id","reason":{}}}
{"message":"Listening on 3000","level":"info"}
{"message":"Connected to MongoDB...","level":"info"}
{"message":"Cast to ObjectId failed for value \"1\" at path \"_id\" for model \"genre\"","level":"error","stack":"CastError: Cast to ObjectId failed for value \"1\" at path \"_id\" for model \"genre\"\n    at model.Query.exec (C:\\node\\8.7- Project\\before\\vidly\\node_modules\\mongoose\\lib\\query.js:4368:21)\n    at model.Query.Query.then (C:\\node\\8.7- Project\\before\\vidly\\node_modules\\mongoose\\lib\\query.js:4460:15)\n    at runMicrotasks (<anonymous>)\n    at processTicksAndRejections (internal/process/task_queues.js:97:5)","meta":{"stringValue":"\"1\"","kind":"ObjectId","value":"1","path":"_id","reason":{}}}
{"message":"Listening on 3000","level":"info"}
{"message":"Connected to MongoDB...","level":"info"}
{"message":"Listening on 3000","level":"info"}
{"message":"Connected to MongoDB...","level":"info"}
{"message":"Listening on 3000","level":"info"}
{"message":"Connected to MongoDB...","level":"info"}
{"message":"Listening on 3000","level":"info"}
{"message":"Connected to MongoDB...","level":"info"}
{"message":"Listening on 3000","level":"info"}
{"message":"Connected to MongoDB...","level":"info"}
{"message":"Listening on 3000","level":"info"}
{"message":"Connected to MongoDB...","level":"info"}
{"message":"Listening on 3000","level":"info"}
{"message":"Connected to MongoDB...","level":"info"}
{"message":"Listening on 3000","level":"info"}
{"message":"Connected to MongoDB...","level":"info"}
{"message":"Listening on 3000","level":"info"}
{"message":"Connected to MongoDB...","level":"info"}
{"message":"Listening on 3000","level":"info"}
{"message":"Connected to MongoDB...","level":"info"}
{"message":"Listening on 3000","level":"info"}
{"message":"Connected to MongoDB...","level":"info"}
{"message":"Listening on 3000","level":"info"}
{"message":"Connected to MongoDB...","level":"info"}
{"message":"Listening on 3000","level":"info"}
{"message":"Connected to MongoDB...","level":"info"}
{"message":"Listening on 3000","level":"info"}
{"message":"Connected to MongoDB...","level":"info"}
{"message":"Listening on 3000","level":"info"}
{"message":"Connected to MongoDB...","level":"info"}
{"message":"Listening on 3000","level":"info"}
{"message":"Connected to MongoDB...","level":"info"}
{"message":"Listening on 3000","level":"info"}
{"message":"Connected to MongoDB...","level":"info"}
{"message":"Listening on 3000","level":"info"}
{"message":"Connected to MongoDB...","level":"info"}
{"message":"Listening on 3000","level":"info"}
{"message":"Connected to MongoDB...","level":"info"}
{"message":"Listening on 3000","level":"info"}
{"message":"Connected to MongoDB...","level":"info"}
{"message":"Listening on 3000","level":"info"}
{"message":"Connected to MongoDB...","level":"info"}
{"message":"Listening on 3000","level":"info"}
{"message":"Connected to MongoDB...","level":"info"}
{"message":"Listening on 3000","level":"info"}
{"message":"Connected to MongoDB...","level":"info"}
{"message":"Listening on 3000","level":"info"}
{"message":"Connected to MongoDB...","level":"info"}
{"message":"Listening on 3000","level":"info"}
{"message":"Connected to MongoDB...","level":"info"}
{"message":"Listening on 3000","level":"info"}
{"message":"Connected to MongoDB...","level":"info"}
{"message":"Listening on 3000","level":"info"}
{"message":"Connected to MongoDB...","level":"info"}
{"message":"Listening on 3000","level":"info"}
{"message":"Connected to MongoDB...","level":"info"}
{"message":"Listening on 3000","level":"info"}
{"message":"Connected to MongoDB...","level":"info"}
{"message":"Listening on 3000","level":"info"}
{"message":"Connected to MongoDB...","level":"info"}
{"message":"Listening on 3000","level":"info"}
{"message":"Connected to MongoDB...","level":"info"}
{"message":"Listening on 3000","level":"info"}
{"message":"Connected to MongoDB...","level":"info"}
{"message":"Listening on 3000","level":"info"}
{"message":"Connected to MongoDB...","level":"info"}
{"message":"Listening on 3000","level":"info"}
{"message":"Connected to MongoDB...","level":"info"}
{"message":"Listening on 3000","level":"info"}
{"message":"Connected to MongoDB...","level":"info"}
{"message":"Listening on 3000","level":"info"}
{"message":"Connected to MongoDB...","level":"info"}
{"message":"Listening on 3000","level":"info"}
{"message":"Listening on 3000","level":"info"}
{"message":"Connected to MongoDB...","level":"info"}
{"message":"Listening on 3000","level":"info"}
{"message":"Connected to MongoDB...","level":"info"}
{"message":"Listening on 3000","level":"info"}
{"message":"Listening on 3000","level":"info"}
{"message":"Connected to MongoDB...","level":"info"}
{"message":"Listening on 3000","level":"info"}
{"message":"Listening on 3000","level":"info"}
{"message":"Connected to MongoDB...","level":"info"}
{"message":"Listening on 3000","level":"info"}
{"message":"Listening on 3000","level":"info"}
{"message":"Connected to MongoDB...","level":"info"}
{"message":"Listening on 3000","level":"info"}
{"message":"Listening on 3000","level":"info"}
{"message":"Connected to MongoDB...","level":"info"}
{"message":"Listening on 3000","level":"info"}
{"message":"Connected to MongoDB...","level":"info"}
{"message":"Listening on 3000","level":"info"}
{"message":"Listening on 3000","level":"info"}
{"message":"Connected to MongoDB...","level":"info"}
{"message":"Listening on 3000","level":"info"}
{"message":"Listening on 3000","level":"info"}
{"message":"Connected to MongoDB...","level":"info"}
{"message":"Listening on 3000","level":"info"}
{"message":"Listening on 3000","level":"info"}
{"message":"Connected to MongoDB...","level":"info"}
{"message":"Listening on 3000","level":"info"}
{"message":"Listening on 3000","level":"info"}
{"message":"Listening on 3000","level":"info"}
{"message":"Connected to MongoDB...","level":"info"}
{"message":"Listening on 3000","level":"info"}
{"message":"Listening on 3000","level":"info"}
{"message":"Connected to MongoDB...","level":"info"}
{"message":"Listening on 3000","level":"info"}
{"message":"Listening on 3000","level":"info"}
{"message":"Connected to MongoDB...","level":"info"}
{"message":"Listening on 3000","level":"info"}
{"message":"Listening on 3000","level":"info"}
{"message":"Connected to MongoDB...","level":"info"}
{"message":"Listening on 3000","level":"info"}
{"message":"Listening on 3000","level":"info"}
{"message":"Connected to MongoDB...","level":"info"}
{"message":"Listening on 3000","level":"info"}
{"message":"Listening on 3000","level":"info"}
{"message":"Connected to MongoDB...","level":"info"}
{"message":"Listening on 3000","level":"info"}
{"message":"Listening on 3000","level":"info"}
{"message":"Connected to MongoDB...","level":"info"}
{"message":"Listening on 3000","level":"info"}
{"message":"Listening on 3000","level":"info"}
{"message":"Connected to MongoDB...","level":"info"}
{"message":"Listening on 3000","level":"info"}
{"message":"Listening on 3000","level":"info"}
{"message":"Connected to MongoDB...","level":"info"}
{"message":"Listening on 3000","level":"info"}
{"message":"Listening on 3000","level":"info"}
{"message":"Connected to MongoDB...","level":"info"}
{"message":"Listening on 3000","level":"info"}
{"message":"Listening on 3000","level":"info"}
{"message":"Connected to MongoDB...","level":"info"}
{"message":"Listening on 3000","level":"info"}
{"message":"Listening on 3000","level":"info"}
{"message":"Connected to MongoDB...","level":"info"}
{"message":"Listening on 3000","level":"info"}
{"message":"Listening on 3000","level":"info"}
{"message":"Connected to MongoDB...","level":"info"}
{"message":"Listening on 3000","level":"info"}
{"message":"Listening on 3000","level":"info"}
{"message":"Connected to MongoDB...","level":"info"}
{"message":"Listening on 3000","level":"info"}
{"message":"Listening on 3000","level":"info"}
{"message":"Connected to MongoDB...","level":"info"}
{"message":"Listening on 3000","level":"info"}
{"message":"Connected to MongoDB...","level":"info"}
{"message":"Listening on 3000","level":"info"}
{"message":"Connected to MongoDB...","level":"info"}
{"message":"Listening on 3000","level":"info"}
{"message":"Connected to MongoDB...","level":"info"}
{"message":"Listening on 3000","level":"info"}
{"message":"Listening on 3000","level":"info"}
{"message":"Connected to MongoDB...","level":"info"}
{"message":"Listening on 3000","level":"info"}
{"message":"Listening on 3000","level":"info"}
{"message":"Connected to MongoDB...","level":"info"}
{"message":"Listening on 3000","level":"info"}
{"message":"Listening on 3000","level":"info"}
{"message":"Connected to MongoDB...","level":"info"}
{"message":"Listening on 3000","level":"info"}
{"message":"Listening on 3000","level":"info"}
{"message":"Connected to MongoDB...","level":"info"}
{"message":"Listening on 3000","level":"info"}
{"message":"Listening on 3000","level":"info"}
{"message":"Connected to MongoDB...","level":"info"}
{"message":"Listening on 3000","level":"info"}
{"message":"Connected to MongoDB...","level":"info"}
{"message":"Listening on 3000","level":"info"}
{"message":"Connected to MongoDB...","level":"info"}
{"message":"Listening on 3000","level":"info"}
{"message":"Connected to MongoDB...","level":"info"}
{"message":"Listening on 3000","level":"info"}
{"message":"Connected to MongoDB...","level":"info"}
{"message":"Listening on 3000","level":"info"}
{"message":"Connected to MongoDB...","level":"info"}
{"message":"Listening on 3000","level":"info"}
{"message":"Connected to MongoDB...","level":"info"}
{"message":"Listening on 3000","level":"info"}
{"message":"Connected to MongoDB...","level":"info"}
{"message":"Listening on 3000","level":"info"}
{"message":"Connected to MongoDB...","level":"info"}
{"message":"Listening on 3000","level":"info"}
{"message":"Connected to MongoDB...","level":"info"}
{"message":"Listening on 3000","level":"info"}
{"message":"Connected to MongoDB...","level":"info"}
{"message":"Listening on 3000","level":"info"}
{"message":"Listening on 3000","level":"info"}
{"message":"Connected to MongoDB...","level":"info"}
{"message":"Listening on 3000","level":"info"}
{"message":"Connected to MongoDB...","level":"info"}
{"message":"Listening on 3000","level":"info"}
{"message":"Connected to MongoDB...","level":"info"}
{"message":"Listening on 3000","level":"info"}
{"message":"Connected to MongoDB...","level":"info"}
{"message":"Listening on 3000","level":"info"}
{"message":"Connected to MongoDB...","level":"info"}
{"message":"Listening on 3000","level":"info"}
{"message":"Connected to MongoDB...","level":"info"}
{"message":"Listening on 3000","level":"info"}
{"message":"Connected to MongoDB...","level":"info"}
{"message":"Listening on 3000","level":"info"}
{"message":"Connected to MongoDB...","level":"info"}
{"message":"Listening on 3000","level":"info"}
{"message":"Connected to MongoDB...","level":"info"}
{"message":"Listening on 3000","level":"info"}
{"message":"Connected to MongoDB...","level":"info"}
{"message":"Listening on 3000","level":"info"}
{"message":"Listening on 3000","level":"info"}
{"message":"Connected to MongoDB...","level":"info"}
{"message":"Listening on 3000","level":"info"}
{"message":"Connected to MongoDB...","level":"info"}
{"message":"Listening on 3000","level":"info"}
{"message":"Connected to MongoDB...","level":"info"}
{"message":"Listening on 3000","level":"info"}
{"message":"Connected to MongoDB...","level":"info"}
{"message":"Listening on 3000","level":"info"}
{"message":"Connected to MongoDB...","level":"info"}
{"message":"Listening on 3000","level":"info"}
{"message":"Listening on 3000","level":"info"}
{"message":"Connected to MongoDB...","level":"info"}
{"message":"Listening on 3000","level":"info"}
{"message":"Connected to MongoDB...","level":"info"}
{"message":"Listening on 3000","level":"info"}
{"message":"Connected to MongoDB...","level":"info"}
{"message":"Listening on 3000","level":"info"}
{"message":"Connected to MongoDB...","level":"info"}
{"message":"Listening on 3000","level":"info"}
{"message":"Listening on 3000","level":"info"}
{"message":"Connected to MongoDB...","level":"info"}
{"message":"Listening on 3000","level":"info"}
{"message":"Connected to MongoDB...","level":"info"}
{"message":"Listening on 3000","level":"info"}
{"message":"Connected to MongoDB...","level":"info"}
{"message":"Listening on 3000","level":"info"}
{"message":"Listening on 3000","level":"info"}
{"message":"Listening on 3000","level":"info"}
{"message":"Connected to MongoDB...","level":"info"}
{"message":"Connected to MongoDB...","level":"info"}
{"message":"Listening on 3000","level":"info"}
{"message":"Connected to MongoDB...","level":"info"}
{"message":"Listening on 3000","level":"info"}
{"message":"Connected to MongoDB...","level":"info"}
{"message":"Listening on 3000","level":"info"}
{"message":"Connected to MongoDB...","level":"info"}
{"message":"Listening on 3000","level":"info"}
{"message":"Connected to MongoDB...","level":"info"}
{"message":"Listening on 3000","level":"info"}
{"message":"Connected to MongoDB...","level":"info"}
{"message":"Listening on 3000","level":"info"}
{"message":"Connected to MongoDB...","level":"info"}
{"message":"Listening on 3000","level":"info"}
{"message":"Connected to MongoDB...","level":"info"}
{"message":"Listening on 3000","level":"info"}
{"message":"Connected to MongoDB...","level":"info"}
{"message":"Listening on 3000","level":"info"}
{"message":"Connected to MongoDB...","level":"info"}
{"message":"Listening on 3000","level":"info"}
{"message":"Connected to MongoDB...","level":"info"}
{"message":"Listening on 3000","level":"info"}
{"message":"Connected to MongoDB...","level":"info"}
{"message":"Listening on 3000","level":"info"}
{"message":"Connected to MongoDB...","level":"info"}
{"message":"Listening on 3000","level":"info"}
{"message":"Connected to MongoDB...","level":"info"}
{"message":"Listening on 3000","level":"info"}
{"message":"Connected to MongoDB...","level":"info"}
{"message":"Listening on 3000","level":"info"}
{"message":"Connected to MongoDB...","level":"info"}
{"message":"Listening on 3000","level":"info"}
{"message":"Connected to MongoDB...","level":"info"}
{"message":"Listening on 3000","level":"info"}
{"message":"Connected to MongoDB...","level":"info"}
{"message":"Listening on 3000","level":"info"}
{"message":"Connected to MongoDB...","level":"info"}
{"message":"Listening on 3000","level":"info"}
{"message":"Connected to MongoDB...","level":"info"}
{"message":"Listening on 3000","level":"info"}
{"message":"Connected to MongoDB...","level":"info"}
{"message":"Listening on 3000","level":"info"}
{"message":"Connected to MongoDB...","level":"info"}
{"message":"Listening on 3000","level":"info"}
{"message":"Connected to MongoDB...","level":"info"}
{"message":"Listening on 3000","level":"info"}
{"message":"Connected to MongoDB...","level":"info"}
{"message":"Listening on 3000","level":"info"}
{"message":"Connected to MongoDB...","level":"info"}
{"message":"Listening on 3000","level":"info"}
{"message":"Connected to MongoDB...","level":"info"}
{"message":"Listening on 3000","level":"info"}
{"message":"Connected to MongoDB...","level":"info"}
{"message":"Listening on 3000","level":"info"}
{"message":"Connected to MongoDB...","level":"info"}
{"message":"Listening on 3000","level":"info"}
{"message":"Connected to MongoDB...","level":"info"}
{"message":"Listening on 3000","level":"info"}
{"message":"Connected to MongoDB...","level":"info"}
{"message":"Listening on 3000","level":"info"}
{"message":"Connected to MongoDB...","level":"info"}
{"message":"Listening on 3000","level":"info"}
{"message":"Connected to MongoDB...","level":"info"}
{"message":"Listening on 3000","level":"info"}
{"message":"Connected to MongoDB...","level":"info"}
{"message":"Listening on 3000","level":"info"}
{"message":"Connected to MongoDB...","level":"info"}
{"message":"Listening on 3000","level":"info"}
{"message":"Connected to MongoDB...","level":"info"}
{"message":"Listening on 3000","level":"info"}
{"message":"Listening on 3000","level":"info"}
{"message":"Connected to MongoDB...","level":"info"}
{"message":"Connected to MongoDB...","level":"info"}
{"message":"Listening on 3000","level":"info"}
{"message":"Connected to MongoDB...","level":"info"}
{"message":"Listening on 3000","level":"info"}
{"message":"Connected to MongoDB...","level":"info"}
{"message":"Listening on 3000","level":"info"}
{"message":"Listening on 3000","level":"info"}
{"message":"Connected to MongoDB...","level":"info"}
{"message":"Listening on 3000","level":"info"}
{"message":"Connected to MongoDB...","level":"info"}
{"message":"Listening on 3000","level":"info"}
{"message":"Connected to MongoDB...","level":"info"}
{"message":"Listening on 3000","level":"info"}
{"message":"Connected to MongoDB...","level":"info"}
{"message":"Listening on 3000","level":"info"}
{"message":"Connected to MongoDB...","level":"info"}
{"message":"Listening on 3000","level":"info"}
{"message":"Connected to MongoDB...","level":"info"}
{"message":"Listening on 3000","level":"info"}
{"message":"Connected to MongoDB...","level":"info"}
{"message":"Listening on 3000","level":"info"}
{"message":"Connected to MongoDB...","level":"info"}
{"message":"Listening on 3000","level":"info"}
{"message":"Connected to MongoDB...","level":"info"}
{"message":"Listening on 3000","level":"info"}
{"message":"Connected to MongoDB...","level":"info"}
{"message":"Listening on 3000","level":"info"}
{"message":"Connected to MongoDB...","level":"info"}
{"message":"Listening on 3000","level":"info"}
{"message":"Connected to MongoDB...","level":"info"}
{"message":"Listening on 3000","level":"info"}
{"message":"Connected to MongoDB...","level":"info"}
{"message":"Listening on 3000","level":"info"}
{"message":"Connected to MongoDB...","level":"info"}
{"message":"Listening on 3000","level":"info"}
{"message":"Connected to MongoDB...","level":"info"}
{"message":"Listening on 3000","level":"info"}
{"message":"Connected to MongoDB...","level":"info"}
{"message":"Listening on 3000","level":"info"}
{"message":"Connected to MongoDB...","level":"info"}
{"message":"Listening on 3000","level":"info"}
{"message":"Connected to MongoDB...","level":"info"}
{"message":"Listening on 3000","level":"info"}
{"message":"Connected to MongoDB...","level":"info"}
{"message":"Listening on 3000","level":"info"}
{"message":"Connected to MongoDB...","level":"info"}
{"message":"Listening on 3000","level":"info"}
{"message":"Connected to MongoDB...","level":"info"}
{"message":"Listening on 3000","level":"info"}
{"message":"Connected to MongoDB...","level":"info"}
{"message":"Listening on 3000","level":"info"}
{"message":"Connected to MongoDB...","level":"info"}
{"message":"Listening on 3000","level":"info"}
{"message":"Connected to MongoDB...","level":"info"}
{"message":"Listening on 3000","level":"info"}
{"message":"Connected to MongoDB...","level":"info"}
{"message":"Listening on 3000","level":"info"}
{"message":"Connected to MongoDB...","level":"info"}
{"message":"Listening on 3000","level":"info"}
{"message":"Listening on 3000","level":"info"}
{"message":"Connected to MongoDB...","level":"info"}
{"message":"Listening on 3000","level":"info"}
{"message":"Connected to MongoDB...","level":"info"}
{"message":"Listening on 3000","level":"info"}
{"message":"Connected to MongoDB...","level":"info"}
{"message":"Listening on 3000","level":"info"}
{"message":"Connected to MongoDB...","level":"info"}
{"message":"Listening on 3000","level":"info"}
{"message":"Connected to MongoDB...","level":"info"}
{"message":"Listening on 3000","level":"info"}
{"message":"Connected to MongoDB...","level":"info"}
{"message":"Listening on 3000","level":"info"}
{"message":"Connected to MongoDB...","level":"info"}
{"message":"Listening on 3000","level":"info"}
{"message":"Connected to MongoDB...","level":"info"}
{"message":"Listening on 3000","level":"info"}
{"message":"Connected to MongoDB...","level":"info"}
{"message":"Listening on 3000","level":"info"}
{"message":"Connected to MongoDB...","level":"info"}
{"message":"Listening on 3000","level":"info"}
{"message":"Connected to MongoDB...","level":"info"}
{"message":"Listening on 3000","level":"info"}
{"message":"Connected to MongoDB...","level":"info"}
{"message":"Listening on 3000","level":"info"}
{"message":"Connected to MongoDB...","level":"info"}
{"message":"Listening on 3000","level":"info"}
{"message":"Connected to MongoDB...","level":"info"}
{"message":"Listening on 3000","level":"info"}
{"message":"Connected to MongoDB...","level":"info"}
{"message":"Listening on 3000","level":"info"}
{"message":"Connected to MongoDB...","level":"info"}
{"message":"Listening on 3000","level":"info"}
{"message":"Connected to MongoDB...","level":"info"}
{"message":"Listening on 3000","level":"info"}
{"message":"Listening on 3000","level":"info"}
{"message":"Connected to MongoDB...","level":"info"}
{"message":"Listening on 3000","level":"info"}
{"message":"Connected to MongoDB...","level":"info"}
{"message":"Listening on 3000","level":"info"}
{"message":"Connected to MongoDB...","level":"info"}
{"message":"Listening on 3000","level":"info"}
{"message":"Connected to MongoDB...","level":"info"}
{"message":"Listening on 3000","level":"info"}
{"message":"Connected to MongoDB...","level":"info"}
{"message":"Listening on 3000","level":"info"}
{"message":"Connected to MongoDB...","level":"info"}
{"message":"Listening on 3000","level":"info"}
{"message":"Connected to MongoDB...","level":"info"}
{"message":"Listening on 3000","level":"info"}
{"message":"Connected to MongoDB...","level":"info"}
{"message":"Listening on 3000","level":"info"}
{"message":"Connected to MongoDB...","level":"info"}
{"message":"Listening on 3000","level":"info"}
{"message":"Connected to MongoDB...","level":"info"}
{"message":"Listening on 3000","level":"info"}
{"message":"Connected to MongoDB...","level":"info"}
{"message":"Listening on 3000","level":"info"}
{"message":"Listening on 3000","level":"info"}
{"message":"Connected to MongoDB...","level":"info"}
{"message":"Listening on 3000","level":"info"}
{"message":"Listening on 3000","level":"info"}
{"message":"Connected to MongoDB...","level":"info"}
{"message":"Listening on 3000","level":"info"}
{"message":"Listening on 3000","level":"info"}
{"message":"Connected to MongoDB...","level":"info"}
{"message":"Listening on 3000","level":"info"}
{"message":"Connected to MongoDB...","level":"info"}
{"message":"Listening on 3000","level":"info"}
{"message":"Connected to MongoDB...","level":"info"}
{"message":"Listening on 3000","level":"info"}
{"message":"Listening on 3000","level":"info"}
{"message":"Connected to MongoDB...","level":"info"}
{"message":"Listening on 3000","level":"info"}
{"message":"Connected to MongoDB...","level":"info"}
{"message":"Listening on 3000","level":"info"}
{"message":"Connected to MongoDB...","level":"info"}
{"message":"Listening on 3000","level":"info"}
{"message":"Connected to MongoDB...","level":"info"}
{"message":"Listening on 3000","level":"info"}
{"message":"Connected to MongoDB...","level":"info"}
{"message":"Listening on 3000","level":"info"}
{"message":"Listening on 3000","level":"info"}
{"message":"Connected to MongoDB...","level":"info"}
{"message":"Listening on 3000","level":"info"}
{"message":"Connected to MongoDB...","level":"info"}
{"message":"Listening on 3000","level":"info"}
{"message":"Connected to MongoDB...","level":"info"}
{"message":"Listening on 3000","level":"info"}
{"message":"Listening on 3000","level":"info"}
{"message":"Connected to MongoDB...","level":"info"}
{"message":"Listening on 3000","level":"info"}
{"message":"Connected to MongoDB...","level":"info"}
{"message":"Listening on 3000","level":"info"}
{"message":"Connected to MongoDB...","level":"info"}
{"message":"Listening on 3000","level":"info"}
{"message":"Connected to MongoDB...","level":"info"}
{"message":"Listening on 3000","level":"info"}
{"message":"Connected to MongoDB...","level":"info"}
{"message":"Listening on 3000","level":"info"}
{"message":"Listening on 3000","level":"info"}
{"message":"Connected to MongoDB...","level":"info"}
{"message":"Listening on 3000","level":"info"}
{"message":"Connected to MongoDB...","level":"info"}
{"message":"Listening on 3000","level":"info"}
{"message":"Connected to MongoDB...","level":"info"}
{"message":"Listening on 3000","level":"info"}
{"message":"Listening on 3000","level":"info"}
{"message":"Connected to MongoDB...","level":"info"}
{"message":"Listening on 3000","level":"info"}
{"message":"Connected to MongoDB...","level":"info"}
{"message":"Listening on 3000","level":"info"}
{"message":"Connected to MongoDB...","level":"info"}
{"message":"Listening on 3000","level":"info"}
{"message":"Listening on 3000","level":"info"}
{"message":"Connected to MongoDB...","level":"info"}
{"message":"Listening on 3000","level":"info"}
{"message":"Connected to MongoDB...","level":"info"}
{"message":"Listening on 3000","level":"info"}
{"message":"Connected to MongoDB...","level":"info"}
{"message":"Listening on 3000","level":"info"}
{"message":"Connected to MongoDB...","level":"info"}
{"message":"Listening on 3000","level":"info"}
{"message":"Listening on 3000","level":"info"}
{"message":"Connected to MongoDB...","level":"info"}
{"message":"Listening on 3000","level":"info"}
{"message":"Listening on 3000","level":"info"}
{"message":"Connected to MongoDB...","level":"info"}
{"message":"Listening on 3000","level":"info"}
{"message":"Connected to MongoDB...","level":"info"}
{"message":"Listening on 3000","level":"info"}
{"message":"Connected to MongoDB...","level":"info"}
{"message":"Listening on 3000","level":"info"}
{"message":"Listening on 3000","level":"info"}
{"message":"Connected to MongoDB...","level":"info"}
{"message":"Listening on 3000","level":"info"}
{"message":"Connected to MongoDB...","level":"info"}
{"message":"Listening on 3000","level":"info"}
{"message":"Connected to MongoDB...","level":"info"}
{"message":"Listening on 3000","level":"info"}
{"message":"Listening on 3000","level":"info"}
{"message":"Connected to MongoDB...","level":"info"}
{"message":"Listening on 3000","level":"info"}
{"message":"Connected to MongoDB...","level":"info"}
{"message":"Listening on 3000","level":"info"}
{"message":"Listening on 3000","level":"info"}
{"message":"Connected to MongoDB...","level":"info"}
{"message":"Listening on 3000","level":"info"}
{"message":"Connected to MongoDB...","level":"info"}
{"message":"Listening on 3000","level":"info"}
{"message":"Connected to MongoDB...","level":"info"}
{"message":"Listening on 3000","level":"info"}
{"message":"Connected to MongoDB...","level":"info"}
{"message":"Listening on 3000","level":"info"}
{"message":"Connected to MongoDB...","level":"info"}
{"message":"Listening on 3000","level":"info"}
{"message":"Listening on 3000","level":"info"}
{"message":"Connected to MongoDB...","level":"info"}
{"message":"Listening on 3000","level":"info"}
{"message":"Connected to MongoDB...","level":"info"}
{"message":"Listening on 3000","level":"info"}
{"message":"Connected to MongoDB...","level":"info"}
{"message":"Listening on 3000","level":"info"}
{"message":"Listening on 3000","level":"info"}
{"message":"Listening on 3000","level":"info"}
{"message":"Connected to MongoDB...","level":"info"}
{"message":"Listening on 3000","level":"info"}
{"message":"Connected to MongoDB...","level":"info"}
{"message":"Listening on 3000","level":"info"}
{"message":"Connected to MongoDB...","level":"info"}
{"message":"Listening on 3000","level":"info"}
{"message":"Connected to MongoDB...","level":"info"}
{"message":"Listening on 3000","level":"info"}
{"message":"Connected to MongoDB...","level":"info"}
{"message":"Listening on 3000","level":"info"}
{"message":"Connected to MongoDB...","level":"info"}
{"message":"Listening on 3000","level":"info"}
{"message":"Connected to MongoDB...","level":"info"}
{"message":"Listening on 3000","level":"info"}
{"message":"Connected to MongoDB...","level":"info"}
{"message":"Listening on 3000","level":"info"}
{"message":"Connected to MongoDB...","level":"info"}
{"message":"Listening on 3000","level":"info"}
{"message":"Connected to MongoDB...","level":"info"}
{"message":"Listening on 3000","level":"info"}
{"message":"Connected to MongoDB...","level":"info"}
{"message":"Listening on 3000","level":"info"}
{"message":"Connected to MongoDB...","level":"info"}
{"message":"Listening on 3000","level":"info"}
{"message":"Connected to MongoDB...","level":"info"}
{"message":"Listening on 3000","level":"info"}
{"message":"Listening on 3000","level":"info"}
{"message":"Connected to MongoDB...","level":"info"}
{"message":"Listening on 3000","level":"info"}
{"message":"Connected to MongoDB...","level":"info"}
{"message":"Listening on 3000","level":"info"}
{"message":"Connected to MongoDB...","level":"info"}
{"message":"Listening on 3000","level":"info"}
{"message":"Connected to MongoDB...","level":"info"}
{"message":"Listening on 3000","level":"info"}
{"message":"Connected to MongoDB...","level":"info"}
{"message":"Listening on 3000","level":"info"}
{"message":"Connected to MongoDB...","level":"info"}
{"message":"Listening on 3000","level":"info"}
{"message":"Connected to MongoDB...","level":"info"}
{"message":"Listening on 3000","level":"info"}
{"message":"Connected to MongoDB...","level":"info"}
{"message":"Listening on 3000","level":"info"}
{"message":"Connected to MongoDB...","level":"info"}
{"message":"Listening on 3000","level":"info"}
{"message":"Connected to MongoDB...","level":"info"}
{"message":"Listening on 3000","level":"info"}
{"message":"Connected to MongoDB...","level":"info"}
{"message":"Listening on 3000","level":"info"}
{"message":"Connected to MongoDB...","level":"info"}
{"message":"Listening on 3000","level":"info"}
{"message":"Connected to MongoDB...","level":"info"}
{"message":"Listening on 3000","level":"info"}
{"message":"Connected to MongoDB...","level":"info"}
{"message":"Listening on 3000","level":"info"}
{"message":"Connected to MongoDB...","level":"info"}
{"message":"Listening on 3000","level":"info"}
{"message":"Connected to MongoDB...","level":"info"}
{"message":"Listening on 3000","level":"info"}
{"message":"Connected to MongoDB...","level":"info"}
{"message":"Listening on 3000","level":"info"}
{"message":"Connected to MongoDB...","level":"info"}
{"message":"Listening on 3000","level":"info"}
{"message":"Connected to MongoDB...","level":"info"}
{"message":"Listening on 3000","level":"info"}
{"message":"Connected to MongoDB...","level":"info"}
{"message":"Listening on 3000","level":"info"}
{"message":"Connected to MongoDB...","level":"info"}
{"message":"Listening on 3000","level":"info"}
{"message":"Connected to MongoDB...","level":"info"}
{"message":"Listening on 3000","level":"info"}
{"message":"Connected to MongoDB...","level":"info"}
{"message":"Listening on 3000","level":"info"}
{"message":"Connected to MongoDB...","level":"info"}
{"message":"Listening on 3000","level":"info"}
{"message":"Connected to MongoDB...","level":"info"}
{"message":"Listening on 3000","level":"info"}
{"message":"Listening on 3000","level":"info"}
{"message":"Connected to MongoDB...","level":"info"}
{"message":"Connected to MongoDB...","level":"info"}
{"message":"Listening on 3000","level":"info"}
{"message":"Connected to MongoDB...","level":"info"}
{"message":"Listening on 3000","level":"info"}
{"message":"Connected to MongoDB...","level":"info"}
{"message":"Listening on 3000","level":"info"}
{"message":"Connected to MongoDB...","level":"info"}
{"message":"Listening on 3000","level":"info"}
{"message":"Connected to MongoDB...","level":"info"}
{"message":"Listening on 3000","level":"info"}
{"message":"Connected to MongoDB...","level":"info"}
{"message":"Listening on 3000","level":"info"}
{"message":"Connected to MongoDB...","level":"info"}
{"message":"Listening on 3000","level":"info"}
{"message":"Connected to MongoDB...","level":"info"}
{"message":"Listening on 3000","level":"info"}
{"message":"Connected to MongoDB...","level":"info"}
{"message":"Listening on 3000","level":"info"}
{"message":"Listening on 3000","level":"info"}
{"message":"Connected to MongoDB...","level":"info"}
{"message":"Listening on 3000","level":"info"}
{"message":"Connected to MongoDB...","level":"info"}
{"message":"Listening on 3000","level":"info"}
{"message":"Listening on 3000","level":"info"}
{"message":"Connected to MongoDB...","level":"info"}
{"message":"Listening on 3000","level":"info"}
{"message":"Connected to MongoDB...","level":"info"}
{"message":"Listening on 3000","level":"info"}
{"message":"Connected to MongoDB...","level":"info"}
{"message":"Listening on 3000","level":"info"}
{"message":"Connected to MongoDB...","level":"info"}
{"message":"Listening on 3000","level":"info"}
{"message":"Connected to MongoDB...","level":"info"}
{"message":"Listening on 3000","level":"info"}
{"message":"Connected to MongoDB...","level":"info"}
{"message":"Listening on 3000","level":"info"}
{"message":"Connected to MongoDB...","level":"info"}
{"message":"Listening on 3000","level":"info"}
{"message":"Connected to MongoDB...","level":"info"}
{"message":"Listening on 3000","level":"info"}
{"message":"Listening on 3000","level":"info"}
{"message":"Connected to MongoDB...","level":"info"}
{"message":"Listening on 3000","level":"info"}
{"message":"Connected to MongoDB...","level":"info"}
{"message":"Listening on 3000","level":"info"}
{"message":"Listening on 3000","level":"info"}
{"message":"Connected to MongoDB...","level":"info"}
{"message":"Connected to MongoDB...","level":"info"}
{"message":"Listening on 3000","level":"info"}
{"message":"Connected to MongoDB...","level":"info"}
{"message":"Listening on 3000","level":"info"}
{"message":"Connected to MongoDB...","level":"info"}
{"message":"Listening on 3000","level":"info"}
{"message":"Connected to MongoDB...","level":"info"}
{"message":"Listening on 3000","level":"info"}
{"message":"Connected to MongoDB...","level":"info"}
{"message":"Listening on 3000","level":"info"}
{"message":"Connected to MongoDB...","level":"info"}
{"message":"Listening on 3000","level":"info"}
{"message":"Connected to MongoDB...","level":"info"}
{"message":"Listening on 3000","level":"info"}
{"message":"Connected to MongoDB...","level":"info"}
{"message":"Listening on 3000","level":"info"}
{"message":"Connected to MongoDB...","level":"info"}
{"message":"Listening on 3000","level":"info"}
{"message":"Connected to MongoDB...","level":"info"}
{"message":"Listening on 3000","level":"info"}
{"message":"Connected to MongoDB...","level":"info"}
{"message":"Listening on 3000","level":"info"}
{"message":"Connected to MongoDB...","level":"info"}
{"message":"Listening on 3000","level":"info"}
{"message":"Connected to MongoDB...","level":"info"}
